# JRE version: OpenJDK Runtime Environment (11.0.9.1+1) (build 11.0.9.1+1-Ubuntu-0ubuntu1.18.04)
# Java VM: OpenJDK 64-Bit Server VM (11.0.9.1+1-Ubuntu-0ubuntu1.18.04, mixed mode, sharing, tiered, compressed oops, parallel gc, linux-amd64)
Heap:
 PSYoungGen      total 22016K, used 4083K [0x00000000eab00000, 0x00000000ed280000, 0x0000000100000000)
  eden space 17920K, 0% used [0x00000000eab00000,0x00000000eab00000,0x00000000ebc80000)
  from space 4096K, 99% used [0x00000000ebc80000,0x00000000ec07ce88,0x00000000ec080000)
  to   space 11264K, 0% used [0x00000000ec780000,0x00000000ec780000,0x00000000ed280000)
 ParOldGen       total 177664K, used 175372K [0x00000000c0000000, 0x00000000cad80000, 0x00000000eab00000)
  object space 177664K, 98% used [0x00000000c0000000,0x00000000cab430a8,0x00000000cad80000)
 Metaspace       used 70507K, capacity 74213K, committed 74408K, reserved 1116160K
  class space    used 6811K, capacity 8155K, committed 8184K, reserved 1048576K
GC Heap History (20 events):
Event: 30404.303 GC heap after
{Heap after GC invocations=130 (full 5):
 PSYoungGen      total 23040K, used 3001K [0x00000000eab00000, 0x00000000ec780000, 0x0000000100000000)
  eden space 19968K, 0% used [0x00000000eab00000,0x00000000eab00000,0x00000000ebe80000)
  from space 3072K, 97% used [0x00000000ec480000,0x00000000ec76e460,0x00000000ec780000)
  to   space 3584K, 0% used [0x00000000ec080000,0x00000000ec080000,0x00000000ec400000)
 ParOldGen       total 177664K, used 163236K [0x00000000c0000000, 0x00000000cad80000, 0x00000000eab00000)
  object space 177664K, 91% used [0x00000000c0000000,0x00000000c9f69330,0x00000000cad80000)
 Metaspace       used 70378K, capacity 74079K, committed 74408K, reserved 1116160K
  class space    used 6811K, capacity 8154K, committed 8184K, reserved 1048576K
}
Event: 30404.342 GC heap before
{Heap before GC invocations=131 (full 5):
 PSYoungGen      total 23040K, used 22969K [0x00000000eab00000, 0x00000000ec780000, 0x0000000100000000)
  eden space 19968K, 100% used [0x00000000eab00000,0x00000000ebe80000,0x00000000ebe80000)
  from space 3072K, 97% used [0x00000000ec480000,0x00000000ec76e460,0x00000000ec780000)
  to   space 3584K, 0% used [0x00000000ec080000,0x00000000ec080000,0x00000000ec400000)
 ParOldGen       total 177664K, used 163236K [0x00000000c0000000, 0x00000000cad80000, 0x00000000eab00000)
  object space 177664K, 91% used [0x00000000c0000000,0x00000000c9f69330,0x00000000cad80000)
 Metaspace       used 70414K, capacity 74143K, committed 74408K, reserved 1116160K
  class space    used 6811K, capacity 8154K, committed 8184K, reserved 1048576K
}
Event: 30404.347 GC heap after
{Heap after GC invocations=131 (full 5):
 PSYoungGen      total 23040K, used 2601K [0x00000000eab00000, 0x00000000ec500000, 0x0000000100000000)
  eden space 19968K, 0% used [0x00000000eab00000,0x00000000eab00000,0x00000000ebe80000)
  from space 3072K, 84% used [0x00000000ec080000,0x00000000ec30a430,0x00000000ec380000)
  to   space 1536K, 0% used [0x00000000ec380000,0x00000000ec380000,0x00000000ec500000)
 ParOldGen       total 177664K, used 163268K [0x00000000c0000000, 0x00000000cad80000, 0x00000000eab00000)
  object space 177664K, 91% used [0x00000000c0000000,0x00000000c9f71330,0x00000000cad80000)
 Metaspace       used 70414K, capacity 74143K, committed 74408K, reserved 1116160K
  class space    used 6811K, capacity 8154K, committed 8184K, reserved 1048576K
}
Event: 30404.373 GC heap before
{Heap before GC invocations=132 (full 5):
 PSYoungGen      total 23040K, used 22569K [0x00000000eab00000, 0x00000000ec500000, 0x0000000100000000)
  eden space 19968K, 100% used [0x00000000eab00000,0x00000000ebe80000,0x00000000ebe80000)
  from space 3072K, 84% used [0x00000000ec080000,0x00000000ec30a430,0x00000000ec380000)
  to   space 1536K, 0% used [0x00000000ec380000,0x00000000ec380000,0x00000000ec500000)
 ParOldGen       total 177664K, used 163268K [0x00000000c0000000, 0x00000000cad80000, 0x00000000eab00000)
  object space 177664K, 91% used [0x00000000c0000000,0x00000000c9f71330,0x00000000cad80000)
 Metaspace       used 70414K, capacity 74143K, committed 74408K, reserved 1116160K
  class space    used 6811K, capacity 8154K, committed 8184K, reserved 1048576K
}
Event: 30404.381 GC heap after
{Heap after GC invocations=132 (full 5):
 PSYoungGen      total 21504K, used 1524K [0x00000000eab00000, 0x00000000ec580000, 0x0000000100000000)
  eden space 19968K, 0% used [0x00000000eab00000,0x00000000eab00000,0x00000000ebe80000)
  from space 1536K, 99% used [0x00000000ec380000,0x00000000ec4fd210,0x00000000ec500000)
  to   space 3584K, 0% used [0x00000000ebe80000,0x00000000ebe80000,0x00000000ec200000)
 ParOldGen       total 177664K, used 165015K [0x00000000c0000000, 0x00000000cad80000, 0x00000000eab00000)
  object space 177664K, 92% used [0x00000000c0000000,0x00000000ca125c60,0x00000000cad80000)
 Metaspace       used 70414K, capacity 74143K, committed 74408K, reserved 1116160K
  class space    used 6811K, capacity 8154K, committed 8184K, reserved 1048576K
}
Event: 30404.435 GC heap before
{Heap before GC invocations=133 (full 5):
 PSYoungGen      total 21504K, used 21492K [0x00000000eab00000, 0x00000000ec580000, 0x0000000100000000)
  eden space 19968K, 100% used [0x00000000eab00000,0x00000000ebe80000,0x00000000ebe80000)
  from space 1536K, 99% used [0x00000000ec380000,0x00000000ec4fd210,0x00000000ec500000)
  to   space 3584K, 0% used [0x00000000ebe80000,0x00000000ebe80000,0x00000000ec200000)
 ParOldGen       total 177664K, used 165015K [0x00000000c0000000, 0x00000000cad80000, 0x00000000eab00000)
  object space 177664K, 92% used [0x00000000c0000000,0x00000000ca125c60,0x00000000cad80000)
 Metaspace       used 70441K, capacity 74143K, committed 74408K, reserved 1116160K
  class space    used 6811K, capacity 8154K, committed 8184K, reserved 1048576K
}
Event: 30404.439 GC heap after
{Heap after GC invocations=133 (full 5):
 PSYoungGen      total 22528K, used 2121K [0x00000000eab00000, 0x00000000ec400000, 0x0000000100000000)
  eden space 19968K, 0% used [0x00000000eab00000,0x00000000eab00000,0x00000000ebe80000)
  from space 2560K, 82% used [0x00000000ebe80000,0x00000000ec092420,0x00000000ec100000)
  to   space 2560K, 0% used [0x00000000ec180000,0x00000000ec180000,0x00000000ec400000)
 ParOldGen       total 177664K, used 166057K [0x00000000c0000000, 0x00000000cad80000, 0x00000000eab00000)
  object space 177664K, 93% used [0x00000000c0000000,0x00000000ca22a430,0x00000000cad80000)
 Metaspace       used 70441K, capacity 74143K, committed 74408K, reserved 1116160K
  class space    used 6811K, capacity 8154K, committed 8184K, reserved 1048576K
}
Event: 30404.468 GC heap before
{Heap before GC invocations=134 (full 5):
 PSYoungGen      total 22528K, used 22089K [0x00000000eab00000, 0x00000000ec400000, 0x0000000100000000)
  eden space 19968K, 100% used [0x00000000eab00000,0x00000000ebe80000,0x00000000ebe80000)
  from space 2560K, 82% used [0x00000000ebe80000,0x00000000ec092420,0x00000000ec100000)
  to   space 2560K, 0% used [0x00000000ec180000,0x00000000ec180000,0x00000000ec400000)
 ParOldGen       total 177664K, used 166057K [0x00000000c0000000, 0x00000000cad80000, 0x00000000eab00000)
  object space 177664K, 93% used [0x00000000c0000000,0x00000000ca22a430,0x00000000cad80000)
 Metaspace       used 70441K, capacity 74143K, committed 74408K, reserved 1116160K
  class space    used 6811K, capacity 8154K, committed 8184K, reserved 1048576K
}
Event: 30404.471 GC heap after
{Heap after GC invocations=134 (full 5):
 PSYoungGen      total 22016K, used 2548K [0x00000000eab00000, 0x00000000ec580000, 0x0000000100000000)
  eden space 19456K, 0% used [0x00000000eab00000,0x00000000eab00000,0x00000000ebe00000)
  from space 2560K, 99% used [0x00000000ec180000,0x00000000ec3fd200,0x00000000ec400000)
  to   space 3584K, 0% used [0x00000000ebe00000,0x00000000ebe00000,0x00000000ec180000)
 ParOldGen       total 177664K, used 166445K [0x00000000c0000000, 0x00000000cad80000, 0x00000000eab00000)
  object space 177664K, 93% used [0x00000000c0000000,0x00000000ca28b680,0x00000000cad80000)
 Metaspace       used 70441K, capacity 74143K, committed 74408K, reserved 1116160K
  class space    used 6811K, capacity 8154K, committed 8184K, reserved 1048576K
}
Event: 30404.500 GC heap before
{Heap before GC invocations=135 (full 5):
 PSYoungGen      total 22016K, used 22004K [0x00000000eab00000, 0x00000000ec580000, 0x0000000100000000)
  eden space 19456K, 100% used [0x00000000eab00000,0x00000000ebe00000,0x00000000ebe00000)
  from space 2560K, 99% used [0x00000000ec180000,0x00000000ec3fd200,0x00000000ec400000)
  to   space 3584K, 0% used [0x00000000ebe00000,0x00000000ebe00000,0x00000000ec180000)
 ParOldGen       total 177664K, used 166445K [0x00000000c0000000, 0x00000000cad80000, 0x00000000eab00000)
  object space 177664K, 93% used [0x00000000c0000000,0x00000000ca28b680,0x00000000cad80000)
 Metaspace       used 70460K, capacity 74207K, committed 74408K, reserved 1116160K
  class space    used 6811K, capacity 8154K, committed 8184K, reserved 1048576K
}
Event: 30404.506 GC heap after
{Heap after GC invocations=135 (full 5):
 PSYoungGen      total 23040K, used 3396K [0x00000000eab00000, 0x00000000ec500000, 0x0000000100000000)
  eden space 19456K, 0% used [0x00000000eab00000,0x00000000eab00000,0x00000000ebe00000)
  from space 3584K, 94% used [0x00000000ebe00000,0x00000000ec151210,0x00000000ec180000)
  to   space 3584K, 0% used [0x00000000ec180000,0x00000000ec180000,0x00000000ec500000)
 ParOldGen       total 177664K, used 166890K [0x00000000c0000000, 0x00000000cad80000, 0x00000000eab00000)
  object space 177664K, 93% used [0x00000000c0000000,0x00000000ca2fa8a0,0x00000000cad80000)
 Metaspace       used 70460K, capacity 74207K, committed 74408K, reserved 1116160K
  class space    used 6811K, capacity 8154K, committed 8184K, reserved 1048576K
}
Event: 30404.535 GC heap before
{Heap before GC invocations=136 (full 5):
 PSYoungGen      total 23040K, used 22852K [0x00000000eab00000, 0x00000000ec500000, 0x0000000100000000)
  eden space 19456K, 100% used [0x00000000eab00000,0x00000000ebe00000,0x00000000ebe00000)
  from space 3584K, 94% used [0x00000000ebe00000,0x00000000ec151210,0x00000000ec180000)
  to   space 3584K, 0% used [0x00000000ec180000,0x00000000ec180000,0x00000000ec500000)
 ParOldGen       total 177664K, used 166890K [0x00000000c0000000, 0x00000000cad80000, 0x00000000eab00000)
  object space 177664K, 93% used [0x00000000c0000000,0x00000000ca2fa8a0,0x00000000cad80000)
 Metaspace       used 70460K, capacity 74207K, committed 74408K, reserved 1116160K
  class space    used 6811K, capacity 8154K, committed 8184K, reserved 1048576K
}
Event: 30404.539 GC heap after
{Heap after GC invocations=136 (full 5):
 PSYoungGen      total 22016K, used 3572K [0x00000000eab00000, 0x00000000ec700000, 0x0000000100000000)
  eden space 18432K, 0% used [0x00000000eab00000,0x00000000eab00000,0x00000000ebd00000)
  from space 3584K, 99% used [0x00000000ec180000,0x00000000ec4fd220,0x00000000ec500000)
  to   space 4608K, 0% used [0x00000000ebd00000,0x00000000ebd00000,0x00000000ec180000)
 ParOldGen       total 177664K, used 167538K [0x00000000c0000000, 0x00000000cad80000, 0x00000000eab00000)
  object space 177664K, 94% used [0x00000000c0000000,0x00000000ca39c900,0x00000000cad80000)
 Metaspace       used 70460K, capacity 74207K, committed 74408K, reserved 1116160K
  class space    used 6811K, capacity 8154K, committed 8184K, reserved 1048576K
}
Event: 30414.209 GC heap before
{Heap before GC invocations=137 (full 5):
 PSYoungGen      total 22016K, used 22004K [0x00000000eab00000, 0x00000000ec700000, 0x0000000100000000)
  eden space 18432K, 100% used [0x00000000eab00000,0x00000000ebd00000,0x00000000ebd00000)
  from space 3584K, 99% used [0x00000000ec180000,0x00000000ec4fd220,0x00000000ec500000)
  to   space 4608K, 0% used [0x00000000ebd00000,0x00000000ebd00000,0x00000000ec180000)
 ParOldGen       total 177664K, used 167538K [0x00000000c0000000, 0x00000000cad80000, 0x00000000eab00000)
  object space 177664K, 94% used [0x00000000c0000000,0x00000000ca39c900,0x00000000cad80000)
 Metaspace       used 70466K, capacity 74207K, committed 74408K, reserved 1116160K
  class space    used 6811K, capacity 8154K, committed 8184K, reserved 1048576K
}
Event: 30414.215 GC heap after
{Heap after GC invocations=137 (full 5):
 PSYoungGen      total 21504K, used 2926K [0x00000000eab00000, 0x00000000ec400000, 0x0000000100000000)
  eden space 18432K, 0% used [0x00000000eab00000,0x00000000eab00000,0x00000000ebd00000)
  from space 3072K, 95% used [0x00000000ebd00000,0x00000000ebfdbb00,0x00000000ec000000)
  to   space 3584K, 0% used [0x00000000ec080000,0x00000000ec080000,0x00000000ec400000)
 ParOldGen       total 177664K, used 169558K [0x00000000c0000000, 0x00000000cad80000, 0x00000000eab00000)
  object space 177664K, 95% used [0x00000000c0000000,0x00000000ca595aa0,0x00000000cad80000)
 Metaspace       used 70466K, capacity 74207K, committed 74408K, reserved 1116160K
  class space    used 6811K, capacity 8154K, committed 8184K, reserved 1048576K
}
Event: 30414.242 GC heap before
{Heap before GC invocations=138 (full 5):
 PSYoungGen      total 21504K, used 21358K [0x00000000eab00000, 0x00000000ec400000, 0x0000000100000000)
  eden space 18432K, 100% used [0x00000000eab00000,0x00000000ebd00000,0x00000000ebd00000)
  from space 3072K, 95% used [0x00000000ebd00000,0x00000000ebfdbb00,0x00000000ec000000)
  to   space 3584K, 0% used [0x00000000ec080000,0x00000000ec080000,0x00000000ec400000)
 ParOldGen       total 177664K, used 169558K [0x00000000c0000000, 0x00000000cad80000, 0x00000000eab00000)
  object space 177664K, 95% used [0x00000000c0000000,0x00000000ca595aa0,0x00000000cad80000)
 Metaspace       used 70476K, capacity 74213K, committed 74408K, reserved 1116160K
  class space    used 6811K, capacity 8155K, committed 8184K, reserved 1048576K
}
Event: 30414.246 GC heap after
{Heap after GC invocations=138 (full 5):
 PSYoungGen      total 21504K, used 3534K [0x00000000eab00000, 0x00000000ec500000, 0x0000000100000000)
  eden space 17920K, 0% used [0x00000000eab00000,0x00000000eab00000,0x00000000ebc80000)
  from space 3584K, 98% used [0x00000000ec080000,0x00000000ec3f3b00,0x00000000ec400000)
  to   space 4096K, 0% used [0x00000000ebc80000,0x00000000ebc80000,0x00000000ec080000)
 ParOldGen       total 177664K, used 169558K [0x00000000c0000000, 0x00000000cad80000, 0x00000000eab00000)
  object space 177664K, 95% used [0x00000000c0000000,0x00000000ca595aa0,0x00000000cad80000)
 Metaspace       used 70476K, capacity 74213K, committed 74408K, reserved 1116160K
  class space    used 6811K, capacity 8155K, committed 8184K, reserved 1048576K
}
Event: 30414.371 GC heap before
{Heap before GC invocations=139 (full 5):
 PSYoungGen      total 21504K, used 21454K [0x00000000eab00000, 0x00000000ec500000, 0x0000000100000000)
  eden space 17920K, 100% used [0x00000000eab00000,0x00000000ebc80000,0x00000000ebc80000)
  from space 3584K, 98% used [0x00000000ec080000,0x00000000ec3f3b00,0x00000000ec400000)
  to   space 4096K, 0% used [0x00000000ebc80000,0x00000000ebc80000,0x00000000ec080000)
 ParOldGen       total 177664K, used 169558K [0x00000000c0000000, 0x00000000cad80000, 0x00000000eab00000)
  object space 177664K, 95% used [0x00000000c0000000,0x00000000ca595aa0,0x00000000cad80000)
 Metaspace       used 70507K, capacity 74213K, committed 74408K, reserved 1116160K
  class space    used 6811K, capacity 8155K, committed 8184K, reserved 1048576K
}
Event: 30414.378 GC heap after
{Heap after GC invocations=139 (full 5):
 PSYoungGen      total 22016K, used 4083K [0x00000000eab00000, 0x00000000ed280000, 0x0000000100000000)
  eden space 17920K, 0% used [0x00000000eab00000,0x00000000eab00000,0x00000000ebc80000)
  from space 4096K, 99% used [0x00000000ebc80000,0x00000000ec07ce88,0x00000000ec080000)
  to   space 11264K, 0% used [0x00000000ec780000,0x00000000ec780000,0x00000000ed280000)
 ParOldGen       total 177664K, used 175372K [0x00000000c0000000, 0x00000000cad80000, 0x00000000eab00000)
  object space 177664K, 98% used [0x00000000c0000000,0x00000000cab430a8,0x00000000cad80000)
 Metaspace       used 70507K, capacity 74213K, committed 74408K, reserved 1116160K
  class space    used 6811K, capacity 8155K, committed 8184K, reserved 1048576K
}
Event: 30414.378 GC heap before
{Heap before GC invocations=140 (full 6):
 PSYoungGen      total 22016K, used 4083K [0x00000000eab00000, 0x00000000ed280000, 0x0000000100000000)
  eden space 17920K, 0% used [0x00000000eab00000,0x00000000eab00000,0x00000000ebc80000)
  from space 4096K, 99% used [0x00000000ebc80000,0x00000000ec07ce88,0x00000000ec080000)
  to   space 11264K, 0% used [0x00000000ec780000,0x00000000ec780000,0x00000000ed280000)
 ParOldGen       total 177664K, used 175372K [0x00000000c0000000, 0x00000000cad80000, 0x00000000eab00000)
  object space 177664K, 98% used [0x00000000c0000000,0x00000000cab430a8,0x00000000cad80000)
 Metaspace       used 70507K, capacity 74213K, committed 74408K, reserved 1116160K
  class space    used 6811K, capacity 8155K, committed 8184K, reserved 1048576K
}

